Arguments: 
  C:\Program Files\nodejs\node.exe C:\Users\ricar\AppData\Roaming\npm\node_modules\yarn\bin\yarn.js add lodash

PATH: 
  C:\Program Files\Common Files\Oracle\Java\javapath;C:\Python311\Scripts\;C:\Python311\;C:\windows\system32;C:\windows;C:\windows\System32\Wbem;C:\windows\System32\WindowsPowerShell\v1.0\;C:\windows\System32\OpenSSH\;C:\Program Files (x86)\NVIDIA Corporation\PhysX\Common;C:\Program Files\NVIDIA Corporation\NVIDIA NvDLISR;C:\Program Files\Git\cmd;C:\Program Files (x86)\Microsoft SQL Server\150\DTS\Binn\;C:\Program Files\Azure Data Studio\bin;C:\Program Files\Microsoft SQL Server\130\Tools\Binn\;C:\Program Files\Microsoft SQL Server\Client SDK\ODBC\170\Tools\Binn\;C:\Program Files\dotnet\;C:\Program Files\Microsoft SQL Server\150\Tools\Binn\;C:\WINDOWS\system32;C:\WINDOWS;C:\WINDOWS\System32\Wbem;C:\WINDOWS\System32\WindowsPowerShell\v1.0\;C:\WINDOWS\System32\OpenSSH\;C:\Program Files (x86)\Microsoft SQL Server\150\Tools\Binn\;C:\Program Files\Microsoft SQL Server\150\DTS\Binn\;C:\Program Files\Microsoft SQL Server\160\DTS\Binn\;C:\Program Files\nodejs\;C:\ProgramData\chocolatey\bin;C:\Program Files\Docker\Docker\resources\bin;C:\MinGW\bin;C:\Program Files\MySQL\MySQL Shell 8.0\bin\;C:\Users\ricar\AppData\Local\Microsoft\WindowsApps;C:\Users\ricar\AppData\Local\Programs\Microsoft VS Code\bin;C:\Program Files\Azure Data Studio\bin;C:\Users\ricar\.dotnet\tools;C:\Users\ricar\AppData\Local\Programs\Azure Data Studio\bin;C:\Users\ricar\AppData\Roaming\npm;C:\Users\ricar\Downloads\instaladores\flutter_windows_3.7.3-stable\flutter\bin;

Yarn version: 
  1.22.19

Node version: 
  18.14.0

Platform: 
  win32 x64

Trace: 
  Error: EPERM: operation not permitted, unlink 'C:\Users\ricar\Downloads\Full stack\Projects\Nicochat\client\node_modules\@esbuild\win32-x64\esbuild.exe'

npm manifest: 
  {
    "name": "client",
    "private": true,
    "version": "0.0.0",
    "type": "module",
    "scripts": {
      "dev": "vite",
      "build": "vite build",
      "lint": "eslint . --ext js,jsx --report-unused-disable-directives --max-warnings 0",
      "preview": "vite preview"
    },
    "dependencies": {
      "axios": "1.6.1",
      "react": "^18.2.0",
      "react-dom": "^18.2.0",
      "react-router-dom": "^6.18.0",
      "sass": "^1.69.5",
      "socket.io-client": "^4.7.2"
    },
    "devDependencies": {
      "@types/react": "^18.2.15",
      "@types/react-dom": "^18.2.7",
      "@vitejs/plugin-react": "^4.0.3",
      "eslint": "^8.45.0",
      "eslint-plugin-react": "^7.32.2",
      "eslint-plugin-react-hooks": "^4.6.0",
      "eslint-plugin-react-refresh": "^0.4.3",
      "vite": "^4.4.5"
    }
  }

yarn manifest: 
  No manifest

Lockfile: 
  No lockfile
